0 info it worked if it ends with ok
1 verbose cli [ '/usr/local/bin/node', '/usr/local/bin/npm', 'run', 'dev' ]
2 info using npm@3.10.10
3 info using node@v6.11.3
4 verbose run-script [ 'predev', 'dev', 'postdev' ]
5 info lifecycle vue-cli@~predev: vue-cli@
6 silly lifecycle vue-cli@~predev: no script for predev, continuing
7 info lifecycle vue-cli@~dev: vue-cli@
8 verbose lifecycle vue-cli@~dev: unsafe-perm in lifecycle true
9 verbose lifecycle vue-cli@~dev: PATH: /usr/local/lib/node_modules/npm/bin/node-gyp-bin:/Users/yingguo/Desktop/Udemy/StockTrader/node_modules/.bin:/Users/yingguo/.cargo/bin:/usr/local/bin:/usr/bin:/bin:/usr/sbin:/sbin:/Users/yingguo/.cargo/bin
10 verbose lifecycle vue-cli@~dev: CWD: /Users/yingguo/Desktop/Udemy/StockTrader
11 silly lifecycle vue-cli@~dev: Args: [ '-c',
11 silly lifecycle   'cross-env NODE_ENV=development webpack-dev-server --open --inline --hot' ]
12 silly lifecycle vue-cli@~dev: Returned: code: 1  signal: null
13 info lifecycle vue-cli@~dev: Failed to exec dev script
14 verbose stack Error: vue-cli@ dev: `cross-env NODE_ENV=development webpack-dev-server --open --inline --hot`
14 verbose stack Exit status 1
14 verbose stack     at EventEmitter.<anonymous> (/usr/local/lib/node_modules/npm/lib/utils/lifecycle.js:255:16)
14 verbose stack     at emitTwo (events.js:106:13)
14 verbose stack     at EventEmitter.emit (events.js:191:7)
14 verbose stack     at ChildProcess.<anonymous> (/usr/local/lib/node_modules/npm/lib/utils/spawn.js:40:14)
14 verbose stack     at emitTwo (events.js:106:13)
14 verbose stack     at ChildProcess.emit (events.js:191:7)
14 verbose stack     at maybeClose (internal/child_process.js:920:16)
14 verbose stack     at Process.ChildProcess._handle.onexit (internal/child_process.js:230:5)
15 verbose pkgid vue-cli@
16 verbose cwd /Users/yingguo/Desktop/Udemy/StockTrader
17 error Darwin 16.7.0
18 error argv "/usr/local/bin/node" "/usr/local/bin/npm" "run" "dev"
19 error node v6.11.3
20 error npm  v3.10.10
21 error code ELIFECYCLE
22 error vue-cli@ dev: `cross-env NODE_ENV=development webpack-dev-server --open --inline --hot`
22 error Exit status 1
23 error Failed at the vue-cli@ dev script 'cross-env NODE_ENV=development webpack-dev-server --open --inline --hot'.
23 error Make sure you have the latest version of node.js and npm installed.
23 error If you do, this is most likely a problem with the vue-cli package,
23 error not with npm itself.
23 error Tell the author that this fails on your system:
23 error     cross-env NODE_ENV=development webpack-dev-server --open --inline --hot
23 error You can get information on how to open an issue for this project with:
23 error     npm bugs vue-cli
23 error Or if that isn't available, you can get their info via:
23 error     npm owner ls vue-cli
23 error There is likely additional logging output above.
24 verbose exit [ 1, true ]
